<?xml version="1.0" encoding="UTF-8"?>
<!-- Generated by org.testng.reporters.JUnitXMLReporter -->
<testsuite ignored="0" hostname="Ganesha-11" failures="0" tests="7" name="Test" time="0.077" errors="0" timestamp="2022-05-11T01:36:50 EDT">
  <testcase classname="Thickshakes.Chocolate" name="Chocolate" time="0.008"/>
  <testcase classname="Thickshakes.Chocolate" name="Coffee" time="0.001"/>
  <testcase classname="Thickshakes.Chocolate" name="Coffee" time="0.001"/>
  <testcase classname="Thickshakes.Chocolate" name="Coffee" time="0.005"/>
  <testcase classname="Thickshakes.Chocolate" name="Oreo" time="0.001"/>
  <testcase classname="Thickshakes.Chocolate" name="Vanila" time="0.001"/>
  <testcase classname="Milkshakes.Chikoo" name="chikoo" time="0.001"/>
</testsuite> <!-- Test -->
