<?xml version="1.0" encoding="UTF-8"?>
<!-- Generated by org.testng.reporters.JUnitXMLReporter -->
<testsuite ignored="0" hostname="Ganesha-11" failures="0" tests="4" name="Test" time="0.068" errors="0" timestamp="2022-05-10T18:19:37 EDT">
  <testcase classname="FreshJuice.Mango" name="sweetMango" time="0.01"/>
  <testcase classname="FreshJuice.Mango" name="tangyMango" time="0.002"/>
  <testcase classname="FreshJuice.Pineapple" name="khattaPineapple" time="0.002"/>
  <testcase classname="FreshJuice.Pineapple" name="mithaPineapple" time="0.001"/>
</testsuite> <!-- Test -->
