<?xml version="1.0" encoding="UTF-8"?>
<!-- Generated by org.testng.reporters.JUnitXMLReporter -->
<testsuite ignored="6" hostname="Ganesha-11" failures="0" tests="3" name="Test" time="0.047" errors="0" timestamp="2022-06-16T23:44:33 EDT">
  <testcase classname="FreshJuice.Pineapple" name="khattaPineapple" time="0.007"/>
  <testcase classname="Milkshakes.Chikoo" name="chikoo" time="0.001"/>
  <testcase classname="Thickshakes.Chocolate" name="Oreo" time="0.001"/>
  <testcase classname="FreshJuice.Mango" name="tangyMango" time="0.0">
    <ignored/>
  </testcase> <!-- tangyMango -->
  <testcase classname="FreshJuice.Mango" name="sweetMango" time="0.0">
    <ignored/>
  </testcase> <!-- sweetMango -->
  <testcase classname="Thickshakes.Chocolate" name="Vanila" time="0.0">
    <ignored/>
  </testcase> <!-- Vanila -->
  <testcase classname="FreshJuice.Pineapple" name="mithaPineapple" time="0.0">
    <ignored/>
  </testcase> <!-- mithaPineapple -->
  <testcase classname="Thickshakes.Chocolate" name="Chocolate" time="0.0">
    <ignored/>
  </testcase> <!-- Chocolate -->
  <testcase classname="Thickshakes.Chocolate" name="Coffee" time="0.0">
    <ignored/>
  </testcase> <!-- Coffee -->
</testsuite> <!-- Test -->
